%!Adobe-FontList 1.22
%Locale:0x409

%BeginFont
Handler:DirectoryHandler
FontType:Invalid
OutlineFileName:/Users/chrishill/Desktop/untitled folder/Brand dev_080421 Folder/Document fonts/AdobeFnt22.lst
FileLength:10490
FileModTime:647164037
%EndFont

%BeginFont
Handler:DirectoryHandler
FontType:TrueType
FontName:BahnPro
FamilyName:Bahn Pro
StyleName:Regular
MenuName:Bahn Pro
StyleBits:0
WeightClass:400
WidthClass:5
AngleClass:0
FullName:BahnPro
WritingScript:Roman
OutlineFileName:/Users/chrishill/Desktop/untitled folder/Brand dev_080421 Folder/Document fonts/BahnPro_Regular.ttf
DataFormat:sfntData
hasSVG:no
VariableFontType:NonVariableFont
FileLength:62984
FileModTime:448430858
NameArray:0,Mac,18,Bahn Pro
NameArray:0,Mac,4,Bahn Pro
NameArray:0,Win,1,Bahn Pro
%EndFont

%BeginFont
Handler:DirectoryHandler
FontType:TrueType
FontName:Redig-Regular
FamilyName:Redig
StyleName:Regular
MenuName:Redig
StyleBits:0
WeightClass:400
WidthClass:5
AngleClass:0
FullName:Redig Regular
WritingScript:Roman
OutlineFileName:/Users/chrishill/Desktop/untitled folder/Brand dev_080421 Folder/Document fonts/Redig-Regular.ttf
DataFormat:sfntData
hasSVG:no
VariableFontType:NonVariableFont
FileLength:36668
FileModTime:601293615
NameArray:0,Mac,4,Redig Regular
NameArray:0,Win,1,Redig
%EndFont

%BeginFont
Handler:DirectoryHandler
FontType:TrueType
FontName:Athelas-Bold
FamilyName:Athelas
StyleName:Bold
MenuName:Athelas
StyleBits:2
WeightClass:700
WidthClass:5
AngleClass:0
FullName:Athelas Bold
WritingScript:Roman
OutlineFileName:/Users/chrishill/Desktop/untitled folder/Brand dev_080421 Folder/Document fonts/Athelas.ttc
TTCOffset:940
DataFormat:sfntData
hasSVG:no
VariableFontType:NonVariableFont
FileLength:2325812
FileModTime:647164036
NameArray:0,Mac,4,Athelas Bold
NameArray:0,Win,1,Athelas
NameArray:0,Win,16,Athelas
%EndFont

%BeginFont
Handler:DirectoryHandler
FontType:TrueType
FontName:Athelas-BoldItalic
FamilyName:Athelas
StyleName:Bold Italic
MenuName:Athelas
StyleBits:3
WeightClass:700
WidthClass:5
AngleClass:1
FullName:Athelas Bold Italic
WritingScript:Roman
OutlineFileName:/Users/chrishill/Desktop/untitled folder/Brand dev_080421 Folder/Document fonts/Athelas.ttc
TTCOffset:640
DataFormat:sfntData
hasSVG:no
VariableFontType:NonVariableFont
FileLength:2325812
FileModTime:647164036
NameArray:0,Mac,4,Athelas Bold Italic
NameArray:0,Win,1,Athelas
NameArray:0,Win,16,Athelas
%EndFont

%BeginFont
Handler:DirectoryHandler
FontType:TrueType
FontName:Athelas-Italic
FamilyName:Athelas
StyleName:Italic
MenuName:Athelas
StyleBits:1
WeightClass:400
WidthClass:5
AngleClass:1
FullName:Athelas Italic
WritingScript:Roman
OutlineFileName:/Users/chrishill/Desktop/untitled folder/Brand dev_080421 Folder/Document fonts/Athelas.ttc
TTCOffset:340
DataFormat:sfntData
hasSVG:no
VariableFontType:NonVariableFont
FileLength:2325812
FileModTime:647164036
NameArray:0,Mac,4,Athelas Italic
NameArray:0,Win,1,Athelas
NameArray:0,Win,16,Athelas
%EndFont

%BeginFont
Handler:DirectoryHandler
FontType:TrueType
FontName:Athelas-Regular
FamilyName:Athelas
StyleName:Regular
MenuName:Athelas
StyleBits:0
WeightClass:400
WidthClass:5
AngleClass:0
FullName:Athelas Regular
WritingScript:Roman
OutlineFileName:/Users/chrishill/Desktop/untitled folder/Brand dev_080421 Folder/Document fonts/Athelas.ttc
TTCOffset:40
DataFormat:sfntData
hasSVG:no
VariableFontType:NonVariableFont
FileLength:2325812
FileModTime:647164036
NameArray:0,Mac,4,Athelas Regular
NameArray:0,Win,1,Athelas
NameArray:0,Win,16,Athelas
%EndFont

%BeginFont
Handler:DirectoryHandler
FontType:TrueType
FontName:Avenir-Black
FamilyName:Avenir
StyleName:Black
MenuName:Avenir Black
StyleBits:2
WeightClass:800
WidthClass:5
AngleClass:0
FullName:Avenir Black
WritingScript:Roman
OutlineFileName:/Users/chrishill/Desktop/untitled folder/Brand dev_080421 Folder/Document fonts/Avenir.ttc
TTCOffset:704
DataFormat:sfntData
hasSVG:no
VariableFontType:NonVariableFont
FileLength:1639536
FileModTime:647164036
NameArray:0,Mac,18,Avenir Black
NameArray:0,Mac,4,Avenir Black
NameArray:0,Win,1,Avenir Black
NameArray:0,Win,16,Avenir
%EndFont

%BeginFont
Handler:DirectoryHandler
FontType:TrueType
FontName:Avenir-BlackOblique
FamilyName:Avenir
StyleName:Black Oblique
MenuName:Avenir Black Oblique
StyleBits:3
WeightClass:800
WidthClass:5
AngleClass:1
FullName:Avenir Black Oblique
WritingScript:Roman
OutlineFileName:/Users/chrishill/Desktop/untitled folder/Brand dev_080421 Folder/Document fonts/Avenir.ttc
TTCOffset:1004
DataFormat:sfntData
hasSVG:no
VariableFontType:NonVariableFont
FileLength:1639536
FileModTime:647164036
NameArray:0,Mac,18,Avenir Black Oblique
NameArray:0,Mac,4,Avenir Black Oblique
NameArray:0,Win,1,Avenir Black Oblique
NameArray:0,Win,16,Avenir
%EndFont

%BeginFont
Handler:DirectoryHandler
FontType:TrueType
FontName:Avenir-Book
FamilyName:Avenir
StyleName:Book
MenuName:Avenir Book
StyleBits:0
WeightClass:400
WidthClass:5
AngleClass:0
FullName:Avenir Book
WritingScript:Roman
OutlineFileName:/Users/chrishill/Desktop/untitled folder/Brand dev_080421 Folder/Document fonts/Avenir.ttc
TTCOffset:72
DataFormat:sfntData
hasSVG:no
VariableFontType:NonVariableFont
FileLength:1639536
FileModTime:647164036
NameArray:0,Mac,18,Avenir Book
NameArray:0,Mac,4,Avenir Book
NameArray:0,Win,1,Avenir Book
NameArray:0,Win,16,Avenir
%EndFont

%BeginFont
Handler:DirectoryHandler
FontType:TrueType
FontName:Avenir-BookOblique
FamilyName:Avenir
StyleName:Book Oblique
MenuName:Avenir Book
StyleBits:1
WeightClass:400
WidthClass:5
AngleClass:1
FullName:Avenir Book Oblique
WritingScript:Roman
OutlineFileName:/Users/chrishill/Desktop/untitled folder/Brand dev_080421 Folder/Document fonts/Avenir.ttc
TTCOffset:388
DataFormat:sfntData
hasSVG:no
VariableFontType:NonVariableFont
FileLength:1639536
FileModTime:647164036
NameArray:0,Mac,18,Avenir Book Oblique
NameArray:0,Mac,4,Avenir Book Oblique
NameArray:0,Win,1,Avenir Book
NameArray:0,Win,16,Avenir
%EndFont

%BeginFont
Handler:DirectoryHandler
FontType:TrueType
FontName:Avenir-Heavy
FamilyName:Avenir
StyleName:Heavy
MenuName:Avenir Heavy
StyleBits:2
WeightClass:900
WidthClass:5
AngleClass:0
FullName:Avenir Heavy
WritingScript:Roman
OutlineFileName:/Users/chrishill/Desktop/untitled folder/Brand dev_080421 Folder/Document fonts/Avenir.ttc
TTCOffset:1304
DataFormat:sfntData
hasSVG:no
VariableFontType:NonVariableFont
FileLength:1639536
FileModTime:647164036
NameArray:0,Mac,18,Avenir Heavy
NameArray:0,Mac,4,Avenir Heavy
NameArray:0,Win,1,Avenir Heavy
NameArray:0,Win,16,Avenir
%EndFont

%BeginFont
Handler:DirectoryHandler
FontType:TrueType
FontName:Avenir-HeavyOblique
FamilyName:Avenir
StyleName:Heavy Oblique
MenuName:Avenir Heavy
StyleBits:3
WeightClass:900
WidthClass:5
AngleClass:1
FullName:Avenir Heavy Oblique
WritingScript:Roman
OutlineFileName:/Users/chrishill/Desktop/untitled folder/Brand dev_080421 Folder/Document fonts/Avenir.ttc
TTCOffset:1588
DataFormat:sfntData
hasSVG:no
VariableFontType:NonVariableFont
FileLength:1639536
FileModTime:647164036
NameArray:0,Mac,18,Avenir Heavy Oblique
NameArray:0,Mac,4,Avenir Heavy Oblique
NameArray:0,Win,1,Avenir Heavy
NameArray:0,Win,16,Avenir
%EndFont

%BeginFont
Handler:DirectoryHandler
FontType:TrueType
FontName:Avenir-Light
FamilyName:Avenir
StyleName:Light
MenuName:Avenir Light
StyleBits:0
WeightClass:300
WidthClass:5
AngleClass:0
FullName:Avenir Light
WritingScript:Roman
OutlineFileName:/Users/chrishill/Desktop/untitled folder/Brand dev_080421 Folder/Document fonts/Avenir.ttc
TTCOffset:1904
DataFormat:sfntData
hasSVG:no
VariableFontType:NonVariableFont
FileLength:1639536
FileModTime:647164036
NameArray:0,Mac,18,Avenir Light
NameArray:0,Mac,4,Avenir Light
NameArray:0,Win,1,Avenir Light
NameArray:0,Win,16,Avenir
%EndFont

%BeginFont
Handler:DirectoryHandler
FontType:TrueType
FontName:Avenir-LightOblique
FamilyName:Avenir
StyleName:Light Oblique
MenuName:Avenir Light
StyleBits:1
WeightClass:300
WidthClass:5
AngleClass:1
FullName:Avenir Light Oblique
WritingScript:Roman
OutlineFileName:/Users/chrishill/Desktop/untitled folder/Brand dev_080421 Folder/Document fonts/Avenir.ttc
TTCOffset:2220
DataFormat:sfntData
hasSVG:no
VariableFontType:NonVariableFont
FileLength:1639536
FileModTime:647164036
NameArray:0,Mac,18,Avenir Light Oblique
NameArray:0,Mac,4,Avenir Light Oblique
NameArray:0,Win,1,Avenir Light
NameArray:0,Win,16,Avenir
%EndFont

%BeginFont
Handler:DirectoryHandler
FontType:TrueType
FontName:Avenir-Medium
FamilyName:Avenir
StyleName:Medium
MenuName:Avenir Medium
StyleBits:0
WeightClass:500
WidthClass:5
AngleClass:0
FullName:Avenir Medium
WritingScript:Roman
OutlineFileName:/Users/chrishill/Desktop/untitled folder/Brand dev_080421 Folder/Document fonts/Avenir.ttc
TTCOffset:2536
DataFormat:sfntData
hasSVG:no
VariableFontType:NonVariableFont
FileLength:1639536
FileModTime:647164036
NameArray:0,Mac,18,Avenir Medium
NameArray:0,Mac,4,Avenir Medium
NameArray:0,Win,1,Avenir Medium
NameArray:0,Win,16,Avenir
%EndFont

%BeginFont
Handler:DirectoryHandler
FontType:TrueType
FontName:Avenir-MediumOblique
FamilyName:Avenir
StyleName:Medium Oblique
MenuName:Avenir Medium
StyleBits:1
WeightClass:500
WidthClass:5
AngleClass:1
FullName:Avenir Medium Oblique
WritingScript:Roman
OutlineFileName:/Users/chrishill/Desktop/untitled folder/Brand dev_080421 Folder/Document fonts/Avenir.ttc
TTCOffset:2836
DataFormat:sfntData
hasSVG:no
VariableFontType:NonVariableFont
FileLength:1639536
FileModTime:647164036
NameArray:0,Mac,18,Avenir Medium Oblique
NameArray:0,Mac,4,Avenir Medium Oblique
NameArray:0,Win,1,Avenir Medium
NameArray:0,Win,16,Avenir
%EndFont

%BeginFont
Handler:DirectoryHandler
FontType:TrueType
FontName:Avenir-Oblique
FamilyName:Avenir
StyleName:Oblique
MenuName:Avenir
StyleBits:1
WeightClass:400
WidthClass:5
AngleClass:1
FullName:Avenir Oblique
WritingScript:Roman
OutlineFileName:/Users/chrishill/Desktop/untitled folder/Brand dev_080421 Folder/Document fonts/Avenir.ttc
TTCOffset:3152
DataFormat:sfntData
hasSVG:no
VariableFontType:NonVariableFont
FileLength:1639536
FileModTime:647164036
NameArray:0,Mac,18,Avenir Oblique
NameArray:0,Mac,4,Avenir Oblique
NameArray:0,Win,1,Avenir
NameArray:0,Win,16,Avenir
%EndFont

%BeginFont
Handler:DirectoryHandler
FontType:TrueType
FontName:Avenir-Roman
FamilyName:Avenir
StyleName:Roman
MenuName:Avenir
StyleBits:0
WeightClass:400
WidthClass:5
AngleClass:0
FullName:Avenir Roman
WritingScript:Roman
OutlineFileName:/Users/chrishill/Desktop/untitled folder/Brand dev_080421 Folder/Document fonts/Avenir.ttc
TTCOffset:3468
DataFormat:sfntData
hasSVG:no
VariableFontType:NonVariableFont
FileLength:1639536
FileModTime:647164036
NameArray:0,Mac,18,Avenir Roman
NameArray:0,Mac,4,Avenir Roman
NameArray:0,Win,1,Avenir
NameArray:0,Win,16,Avenir
%EndFont

